#-----------------------------------------------------------
# Vivado v2018.3 (64-bit)
# SW Build 2405991 on Thu Dec  6 23:38:27 MST 2018
# IP Build 2404404 on Fri Dec  7 01:43:56 MST 2018
# Start of session at: Thu Jul  8 14:14:03 2021
# Process ID: 6972
# Current directory: D:/计算机设计与实践/CompDesignAndPractise
# Command line: vivado.exe -gui_launcher_event rodinguilauncherevent6640 D:\计算机设计与实践\CompDesignAndPractise\CompDesignAndPractise.xpr
# Log file: D:/计算机设计与实践/CompDesignAndPractise/vivado.log
# Journal file: D:/计算机设计与实践/CompDesignAndPractise\vivado.jou
#-----------------------------------------------------------
start_gui
open_project D:/计算机设计与实践/CompDesignAndPractise/CompDesignAndPractise.xpr
CRITICAL WARNING: [Project 1-19] Could not find the file 'D:/CompDesignAndPractise/CompDesignAndPractise.srcs/sources_/prgrom/prgrom.xci'.
Scanning sources...
Finished scanning sources
INFO: [IP_Flow 19-234] Refreshing IP repositories
INFO: [IP_Flow 19-1704] No user IP repositories specified
INFO: [IP_Flow 19-2313] Loaded Vivado IP repository 'C:/Xilinx/Vivado/2018.3/data/ip'.
ERROR: [IP_Flow 19-993] Could not find IP file for IP 'prgrom'.
CRITICAL WARNING: [IP_Flow 19-5097] Unable to determine VLNV from IP file; verify it has the correct syntax: 
ERROR: [Common 17-39] 'open_project' failed due to earlier errors.
update_compile_order -fileset sources_1
WARNING: [filemgmt 56-199] Attempt to get parsing info during refresh. "On-the-fly" syntax checking information may be incorrect. [D:/计算机设计与实践/CompDesignAndPractise/CompDesignAndPractise.srcs/sources_1/new/RegFile.v:]
WARNING: [filemgmt 56-199] Attempt to get parsing info during refresh. "On-the-fly" syntax checking information may be incorrect. [D:/计算机设计与实践/CompDesignAndPractise/CompDesignAndPractise.srcs/sources_1/new/IF.v:]
WARNING: [filemgmt 56-199] Attempt to get parsing info during refresh. "On-the-fly" syntax checking information may be incorrect. [D:/计算机设计与实践/CompDesignAndPractise/CompDesignAndPractise.srcs/sources_1/new/PC.v:]
WARNING: [filemgmt 56-199] Attempt to get parsing info during refresh. "On-the-fly" syntax checking information may be incorrect. [D:/计算机设计与实践/CompDesignAndPractise/CompDesignAndPractise.srcs/sources_1/new/NPC.v:]
WARNING: [filemgmt 56-199] Attempt to get parsing info during refresh. "On-the-fly" syntax checking information may be incorrect. [D:/计算机设计与实践/CompDesignAndPractise/CompDesignAndPractise.srcs/sources_1/new/param.v:]
WARNING: [filemgmt 56-199] Attempt to get parsing info during refresh. "On-the-fly" syntax checking information may be incorrect. [D:/计算机设计与实践/CompDesignAndPractise/CompDesignAndPractise.srcs/sources_1/new/RegFile.v:]
WARNING: [filemgmt 56-199] Attempt to get parsing info during refresh. "On-the-fly" syntax checking information may be incorrect. [D:/计算机设计与实践/CompDesignAndPractise/CompDesignAndPractise.srcs/sources_1/new/IF.v:]
WARNING: [filemgmt 56-199] Attempt to get parsing info during refresh. "On-the-fly" syntax checking information may be incorrect. [D:/计算机设计与实践/CompDesignAndPractise/CompDesignAndPractise.srcs/sources_1/new/PC.v:]
WARNING: [filemgmt 56-199] Attempt to get parsing info during refresh. "On-the-fly" syntax checking information may be incorrect. [D:/计算机设计与实践/CompDesignAndPractise/CompDesignAndPractise.srcs/sources_1/new/NPC.v:]
WARNING: [filemgmt 56-199] Attempt to get parsing info during refresh. "On-the-fly" syntax checking information may be incorrect. [D:/计算机设计与实践/CompDesignAndPractise/CompDesignAndPractise.srcs/sources_1/new/param.v:]
WARNING: [filemgmt 56-199] Attempt to get parsing info during refresh. "On-the-fly" syntax checking information may be incorrect. [D:/计算机设计与实践/CompDesignAndPractise/CompDesignAndPractise.srcs/sources_1/new/RegFile.v:]
WARNING: [filemgmt 56-199] Attempt to get parsing info during refresh. "On-the-fly" syntax checking information may be incorrect. [D:/计算机设计与实践/CompDesignAndPractise/CompDesignAndPractise.srcs/sources_1/new/IF.v:]
WARNING: [filemgmt 56-199] Attempt to get parsing info during refresh. "On-the-fly" syntax checking information may be incorrect. [D:/计算机设计与实践/CompDesignAndPractise/CompDesignAndPractise.srcs/sources_1/new/PC.v:]
WARNING: [filemgmt 56-199] Attempt to get parsing info during refresh. "On-the-fly" syntax checking information may be incorrect. [D:/计算机设计与实践/CompDesignAndPractise/CompDesignAndPractise.srcs/sources_1/new/NPC.v:]
WARNING: [filemgmt 56-199] Attempt to get parsing info during refresh. "On-the-fly" syntax checking information may be incorrect. [D:/计算机设计与实践/CompDesignAndPractise/CompDesignAndPractise.srcs/sources_1/new/param.v:]
WARNING: [filemgmt 56-199] Attempt to get parsing info during refresh. "On-the-fly" syntax checking information may be incorrect. [D:/计算机设计与实践/CompDesignAndPractise/CompDesignAndPractise.srcs/sources_1/new/RegFile.v:]
WARNING: [filemgmt 56-199] Attempt to get parsing info during refresh. "On-the-fly" syntax checking information may be incorrect. [D:/计算机设计与实践/CompDesignAndPractise/CompDesignAndPractise.srcs/sources_1/new/IF.v:]
WARNING: [filemgmt 56-199] Attempt to get parsing info during refresh. "On-the-fly" syntax checking information may be incorrect. [D:/计算机设计与实践/CompDesignAndPractise/CompDesignAndPractise.srcs/sources_1/new/PC.v:]
WARNING: [filemgmt 56-199] Attempt to get parsing info during refresh. "On-the-fly" syntax checking information may be incorrect. [D:/计算机设计与实践/CompDesignAndPractise/CompDesignAndPractise.srcs/sources_1/new/NPC.v:]
WARNING: [filemgmt 56-199] Attempt to get parsing info during refresh. "On-the-fly" syntax checking information may be incorrect. [D:/计算机设计与实践/CompDesignAndPractise/CompDesignAndPractise.srcs/sources_1/new/param.v:]
export_ip_user_files -of_objects  [get_files D:/CompDesignAndPractise/CompDesignAndPractise.srcs/sources_/prgrom/prgrom.xci] -no_script -reset -force -quiet
remove_files  -fileset prgrom D:/CompDesignAndPractise/CompDesignAndPractise.srcs/sources_/prgrom/prgrom.xci
INFO: [Project 1-386] Moving file 'D:/CompDesignAndPractise/CompDesignAndPractise.srcs/sources_/prgrom/prgrom.xci' from fileset 'prgrom' to fileset 'sources_1'.
close [ open D:/计算机设计与实践/CompDesignAndPractise/CompDesignAndPractise.srcs/sources_1/new/IROM.v w ]
add_files D:/计算机设计与实践/CompDesignAndPractise/CompDesignAndPractise.srcs/sources_1/new/IROM.v
update_compile_order -fileset sources_1
create_ip -name dist_mem_gen -vendor xilinx.com -library ip -version 8.0 -module_name prgrom -dir d:/CompDesignAndPractise/CompDesignAndPractise.srcs/sources_
set_property -dict [list CONFIG.depth {16384} CONFIG.data_width {32} CONFIG.Component_Name {prgrom} CONFIG.memory_type {rom}] [get_ips prgrom]
WARNING: [Vivado 12-3523] Attempt to change 'Component_Name' from 'prgrom' to 'prgrom' is not allowed and is ignored.
generate_target {instantiation_template} [get_files d:/CompDesignAndPractise/CompDesignAndPractise.srcs/sources_/prgrom/prgrom.xci]
INFO: [IP_Flow 19-1686] Generating 'Instantiation Template' target for IP 'prgrom'...
update_compile_order -fileset sources_1
generate_target all [get_files  d:/CompDesignAndPractise/CompDesignAndPractise.srcs/sources_/prgrom/prgrom.xci]
INFO: [IP_Flow 19-1686] Generating 'Synthesis' target for IP 'prgrom'...
INFO: [IP_Flow 19-1686] Generating 'Simulation' target for IP 'prgrom'...
INFO: [IP_Flow 19-1686] Generating 'Change Log' target for IP 'prgrom'...
catch { config_ip_cache -export [get_ips -all prgrom] }
export_ip_user_files -of_objects [get_files d:/CompDesignAndPractise/CompDesignAndPractise.srcs/sources_/prgrom/prgrom.xci] -no_script -sync -force -quiet
create_ip_run [get_files -of_objects [get_fileset sources_1] d:/CompDesignAndPractise/CompDesignAndPractise.srcs/sources_/prgrom/prgrom.xci]
launch_runs -jobs 6 prgrom_synth_1
[Thu Jul  8 14:43:15 2021] Launched prgrom_synth_1...
Run output will be captured here: D:/计算机设计与实践/CompDesignAndPractise/CompDesignAndPractise.runs/prgrom_synth_1/runme.log
export_simulation -of_objects [get_files d:/CompDesignAndPractise/CompDesignAndPractise.srcs/sources_/prgrom/prgrom.xci] -directory D:/计算机设计与实践/CompDesignAndPractise/CompDesignAndPractise.ip_user_files/sim_scripts -ip_user_files_dir D:/计算机设计与实践/CompDesignAndPractise/CompDesignAndPractise.ip_user_files -ipstatic_source_dir D:/计算机设计与实践/CompDesignAndPractise/CompDesignAndPractise.ip_user_files/ipstatic -lib_map_path [list {modelsim=D:/计算机设计与实践/CompDesignAndPractise/CompDesignAndPractise.cache/compile_simlib/modelsim} {questa=D:/计算机设计与实践/CompDesignAndPractise/CompDesignAndPractise.cache/compile_simlib/questa} {riviera=D:/计算机设计与实践/CompDesignAndPractise/CompDesignAndPractise.cache/compile_simlib/riviera} {activehdl=D:/计算机设计与实践/CompDesignAndPractise/CompDesignAndPractise.cache/compile_simlib/activehdl}] -use_ip_compiled_libs -force -quiet
update_compile_order -fileset sources_1
close [ open D:/计算机设计与实践/CompDesignAndPractise/CompDesignAndPractise.srcs/sources_1/new/ID.v w ]
add_files D:/计算机设计与实践/CompDesignAndPractise/CompDesignAndPractise.srcs/sources_1/new/ID.v
update_compile_order -fileset sources_1
update_compile_order -fileset sources_1
close [ open D:/计算机设计与实践/CompDesignAndPractise/CompDesignAndPractise.srcs/sources_1/new/ALUb_Sel.v w ]
add_files D:/计算机设计与实践/CompDesignAndPractise/CompDesignAndPractise.srcs/sources_1/new/ALUb_Sel.v
update_compile_order -fileset sources_1
close [ open D:/计算机设计与实践/CompDesignAndPractise/CompDesignAndPractise.srcs/sources_1/new/ALU_EX.v w ]
add_files D:/计算机设计与实践/CompDesignAndPractise/CompDesignAndPractise.srcs/sources_1/new/ALU_EX.v
update_compile_order -fileset sources_1
close [ open D:/计算机设计与实践/CompDesignAndPractise/CompDesignAndPractise.srcs/sources_1/new/Branch.v w ]
add_files D:/计算机设计与实践/CompDesignAndPractise/CompDesignAndPractise.srcs/sources_1/new/Branch.v
update_compile_order -fileset sources_1
close [ open D:/计算机设计与实践/CompDesignAndPractise/CompDesignAndPractise.srcs/sources_1/new/EX.v w ]
add_files D:/计算机设计与实践/CompDesignAndPractise/CompDesignAndPractise.srcs/sources_1/new/EX.v
update_compile_order -fileset sources_1
export_ip_user_files -of_objects  [get_files D:/计算机设计与实践/CompDesignAndPractise/CompDesignAndPractise.srcs/sources_1/new/NPC.v] -no_script -reset -force -quiet
export_ip_user_files -of_objects  [get_files D:/计算机设计与实践/CompDesignAndPractise/CompDesignAndPractise.srcs/sources_1/new/PC.v] -no_script -reset -force -quiet
remove_files  {D:/计算机设计与实践/CompDesignAndPractise/CompDesignAndPractise.srcs/sources_1/new/NPC.v D:/计算机设计与实践/CompDesignAndPractise/CompDesignAndPractise.srcs/sources_1/new/PC.v}
file delete -force D:/计算机设计与实践/CompDesignAndPractise/CompDesignAndPractise.srcs/sources_1/new/NPC.v D:/计算机设计与实践/CompDesignAndPractise/CompDesignAndPractise.srcs/sources_1/new/PC.v
close [ open D:/计算机设计与实践/CompDesignAndPractise/CompDesignAndPractise.srcs/sources_1/new/MEM.v w ]
add_files D:/计算机设计与实践/CompDesignAndPractise/CompDesignAndPractise.srcs/sources_1/new/MEM.v
update_compile_order -fileset sources_1
create_ip -name dist_mem_gen -vendor xilinx.com -library ip -version 8.0 -module_name dram -dir d:/CompDesignAndPractise/CompDesignAndPractise.srcs/sources_
set_property -dict [list CONFIG.depth {16384} CONFIG.data_width {32} CONFIG.Component_Name {dram}] [get_ips dram]
WARNING: [Vivado 12-3523] Attempt to change 'Component_Name' from 'dram' to 'dram' is not allowed and is ignored.
generate_target {instantiation_template} [get_files d:/CompDesignAndPractise/CompDesignAndPractise.srcs/sources_/dram/dram.xci]
INFO: [IP_Flow 19-1686] Generating 'Instantiation Template' target for IP 'dram'...
update_compile_order -fileset sources_1
generate_target all [get_files  d:/CompDesignAndPractise/CompDesignAndPractise.srcs/sources_/dram/dram.xci]
INFO: [IP_Flow 19-1686] Generating 'Synthesis' target for IP 'dram'...
INFO: [IP_Flow 19-1686] Generating 'Simulation' target for IP 'dram'...
INFO: [IP_Flow 19-1686] Generating 'Change Log' target for IP 'dram'...
catch { config_ip_cache -export [get_ips -all dram] }
export_ip_user_files -of_objects [get_files d:/CompDesignAndPractise/CompDesignAndPractise.srcs/sources_/dram/dram.xci] -no_script -sync -force -quiet
create_ip_run [get_files -of_objects [get_fileset sources_1] d:/CompDesignAndPractise/CompDesignAndPractise.srcs/sources_/dram/dram.xci]
launch_runs -jobs 6 dram_synth_1
[Thu Jul  8 16:04:16 2021] Launched dram_synth_1...
Run output will be captured here: D:/计算机设计与实践/CompDesignAndPractise/CompDesignAndPractise.runs/dram_synth_1/runme.log
export_simulation -of_objects [get_files d:/CompDesignAndPractise/CompDesignAndPractise.srcs/sources_/dram/dram.xci] -directory D:/计算机设计与实践/CompDesignAndPractise/CompDesignAndPractise.ip_user_files/sim_scripts -ip_user_files_dir D:/计算机设计与实践/CompDesignAndPractise/CompDesignAndPractise.ip_user_files -ipstatic_source_dir D:/计算机设计与实践/CompDesignAndPractise/CompDesignAndPractise.ip_user_files/ipstatic -lib_map_path [list {modelsim=D:/计算机设计与实践/CompDesignAndPractise/CompDesignAndPractise.cache/compile_simlib/modelsim} {questa=D:/计算机设计与实践/CompDesignAndPractise/CompDesignAndPractise.cache/compile_simlib/questa} {riviera=D:/计算机设计与实践/CompDesignAndPractise/CompDesignAndPractise.cache/compile_simlib/riviera} {activehdl=D:/计算机设计与实践/CompDesignAndPractise/CompDesignAndPractise.cache/compile_simlib/activehdl}] -use_ip_compiled_libs -force -quiet
close [ open D:/计算机设计与实践/CompDesignAndPractise/CompDesignAndPractise.srcs/sources_1/new/WB.v w ]
add_files D:/计算机设计与实践/CompDesignAndPractise/CompDesignAndPractise.srcs/sources_1/new/WB.v
update_compile_order -fileset sources_1
close [ open D:/计算机设计与实践/CompDesignAndPractise/CompDesignAndPractise.srcs/sources_1/new/Control.v w ]
add_files D:/计算机设计与实践/CompDesignAndPractise/CompDesignAndPractise.srcs/sources_1/new/Control.v
update_compile_order -fileset sources_1
export_ip_user_files -of_objects  [get_files D:/计算机设计与实践/CompDesignAndPractise/CompDesignAndPractise.srcs/sources_1/new/ALUb_Sel.v] -no_script -reset -force -quiet
remove_files  D:/计算机设计与实践/CompDesignAndPractise/CompDesignAndPractise.srcs/sources_1/new/ALUb_Sel.v
add_files -norecurse D:/计算机设计与实践/CompDesignAndPractise/CompDesignAndPractise.srcs/sources_1/new/ALU_Sel.v
update_compile_order -fileset sources_1
close [ open D:/计算机设计与实践/CompDesignAndPractise/CompDesignAndPractise.srcs/sources_1/new/miniRV.v w ]
add_files D:/计算机设计与实践/CompDesignAndPractise/CompDesignAndPractise.srcs/sources_1/new/miniRV.v
update_compile_order -fileset sources_1
update_compile_order -fileset sources_1
update_compile_order -fileset sources_1
update_compile_order -fileset sources_1
update_compile_order -fileset sources_1
close [ open D:/计算机设计与实践/CompDesignAndPractise/CompDesignAndPractise.srcs/sources_1/new/top.v w ]
add_files D:/计算机设计与实践/CompDesignAndPractise/CompDesignAndPractise.srcs/sources_1/new/top.v
update_compile_order -fileset sources_1
update_compile_order -fileset sources_1
set_property top miniRV [current_fileset]
update_compile_order -fileset sources_1
export_ip_user_files -of_objects  [get_files D:/计算机设计与实践/CompDesignAndPractise/CompDesignAndPractise.srcs/sources_1/new/top.v] -no_script -reset -force -quiet
remove_files  D:/计算机设计与实践/CompDesignAndPractise/CompDesignAndPractise.srcs/sources_1/new/top.v
file delete -force D:/计算机设计与实践/CompDesignAndPractise/CompDesignAndPractise.srcs/sources_1/new/top.v
close [ open D:/计算机设计与实践/CompDesignAndPractise/CompDesignAndPractise.srcs/sources_1/new/top.v w ]
add_files D:/计算机设计与实践/CompDesignAndPractise/CompDesignAndPractise.srcs/sources_1/new/top.v
update_compile_order -fileset sources_1
WARNING: [filemgmt 56-199] Attempt to get parsing info during refresh. "On-the-fly" syntax checking information may be incorrect. [D:/计算机设计与实践/CompDesignAndPractise/CompDesignAndPractise.srcs/sources_1/new/MEM.v:]
WARNING: [filemgmt 56-199] Attempt to get parsing info during refresh. "On-the-fly" syntax checking information may be incorrect. [D:/计算机设计与实践/CompDesignAndPractise/CompDesignAndPractise.srcs/sources_1/new/ID.v:]
WARNING: [filemgmt 56-199] Attempt to get parsing info during refresh. "On-the-fly" syntax checking information may be incorrect. [D:/计算机设计与实践/CompDesignAndPractise/CompDesignAndPractise.srcs/sources_1/new/IF.v:]
WARNING: [filemgmt 56-199] Attempt to get parsing info during refresh. "On-the-fly" syntax checking information may be incorrect. [D:/计算机设计与实践/CompDesignAndPractise/CompDesignAndPractise.srcs/sources_1/new/ALUb_Sel.v:]
WARNING: [filemgmt 56-199] Attempt to get parsing info during refresh. "On-the-fly" syntax checking information may be incorrect. [D:/计算机设计与实践/CompDesignAndPractise/CompDesignAndPractise.srcs/sources_1/new/top.v:]
WARNING: [filemgmt 56-199] Attempt to get parsing info during refresh. "On-the-fly" syntax checking information may be incorrect. [D:/计算机设计与实践/CompDesignAndPractise/CompDesignAndPractise.srcs/sources_1/new/EX.v:]
WARNING: [filemgmt 56-199] Attempt to get parsing info during refresh. "On-the-fly" syntax checking information may be incorrect. [D:/计算机设计与实践/CompDesignAndPractise/CompDesignAndPractise.srcs/sources_1/new/WB.v:]
WARNING: [filemgmt 56-199] Attempt to get parsing info during refresh. "On-the-fly" syntax checking information may be incorrect. [D:/计算机设计与实践/CompDesignAndPractise/CompDesignAndPractise.srcs/sources_1/new/Control.v:]
WARNING: [filemgmt 56-199] Attempt to get parsing info during refresh. "On-the-fly" syntax checking information may be incorrect. [D:/计算机设计与实践/CompDesignAndPractise/CompDesignAndPractise.srcs/sources_1/new/miniRV.v:]
WARNING: [filemgmt 56-199] Attempt to get parsing info during refresh. "On-the-fly" syntax checking information may be incorrect. [D:/计算机设计与实践/CompDesignAndPractise/CompDesignAndPractise.srcs/sources_1/new/MEM.v:]
WARNING: [filemgmt 56-199] Attempt to get parsing info during refresh. "On-the-fly" syntax checking information may be incorrect. [D:/计算机设计与实践/CompDesignAndPractise/CompDesignAndPractise.srcs/sources_1/new/ID.v:]
WARNING: [filemgmt 56-199] Attempt to get parsing info during refresh. "On-the-fly" syntax checking information may be incorrect. [D:/计算机设计与实践/CompDesignAndPractise/CompDesignAndPractise.srcs/sources_1/new/IF.v:]
WARNING: [filemgmt 56-199] Attempt to get parsing info during refresh. "On-the-fly" syntax checking information may be incorrect. [D:/计算机设计与实践/CompDesignAndPractise/CompDesignAndPractise.srcs/sources_1/new/ALUb_Sel.v:]
WARNING: [filemgmt 56-199] Attempt to get parsing info during refresh. "On-the-fly" syntax checking information may be incorrect. [D:/计算机设计与实践/CompDesignAndPractise/CompDesignAndPractise.srcs/sources_1/new/top.v:]
WARNING: [filemgmt 56-199] Attempt to get parsing info during refresh. "On-the-fly" syntax checking information may be incorrect. [D:/计算机设计与实践/CompDesignAndPractise/CompDesignAndPractise.srcs/sources_1/new/EX.v:]
WARNING: [filemgmt 56-199] Attempt to get parsing info during refresh. "On-the-fly" syntax checking information may be incorrect. [D:/计算机设计与实践/CompDesignAndPractise/CompDesignAndPractise.srcs/sources_1/new/WB.v:]
WARNING: [filemgmt 56-199] Attempt to get parsing info during refresh. "On-the-fly" syntax checking information may be incorrect. [D:/计算机设计与实践/CompDesignAndPractise/CompDesignAndPractise.srcs/sources_1/new/Control.v:]
WARNING: [filemgmt 56-199] Attempt to get parsing info during refresh. "On-the-fly" syntax checking information may be incorrect. [D:/计算机设计与实践/CompDesignAndPractise/CompDesignAndPractise.srcs/sources_1/new/miniRV.v:]
WARNING: [filemgmt 56-199] Attempt to get parsing info during refresh. "On-the-fly" syntax checking information may be incorrect. [D:/计算机设计与实践/CompDesignAndPractise/CompDesignAndPractise.srcs/sources_1/new/MEM.v:]
WARNING: [filemgmt 56-199] Attempt to get parsing info during refresh. "On-the-fly" syntax checking information may be incorrect. [D:/计算机设计与实践/CompDesignAndPractise/CompDesignAndPractise.srcs/sources_1/new/ID.v:]
WARNING: [filemgmt 56-199] Attempt to get parsing info during refresh. "On-the-fly" syntax checking information may be incorrect. [D:/计算机设计与实践/CompDesignAndPractise/CompDesignAndPractise.srcs/sources_1/new/IF.v:]
WARNING: [filemgmt 56-199] Attempt to get parsing info during refresh. "On-the-fly" syntax checking information may be incorrect. [D:/计算机设计与实践/CompDesignAndPractise/CompDesignAndPractise.srcs/sources_1/new/ALUb_Sel.v:]
WARNING: [filemgmt 56-199] Attempt to get parsing info during refresh. "On-the-fly" syntax checking information may be incorrect. [D:/计算机设计与实践/CompDesignAndPractise/CompDesignAndPractise.srcs/sources_1/new/top.v:]
WARNING: [filemgmt 56-199] Attempt to get parsing info during refresh. "On-the-fly" syntax checking information may be incorrect. [D:/计算机设计与实践/CompDesignAndPractise/CompDesignAndPractise.srcs/sources_1/new/EX.v:]
WARNING: [filemgmt 56-199] Attempt to get parsing info during refresh. "On-the-fly" syntax checking information may be incorrect. [D:/计算机设计与实践/CompDesignAndPractise/CompDesignAndPractise.srcs/sources_1/new/WB.v:]
WARNING: [filemgmt 56-199] Attempt to get parsing info during refresh. "On-the-fly" syntax checking information may be incorrect. [D:/计算机设计与实践/CompDesignAndPractise/CompDesignAndPractise.srcs/sources_1/new/Control.v:]
WARNING: [filemgmt 56-199] Attempt to get parsing info during refresh. "On-the-fly" syntax checking information may be incorrect. [D:/计算机设计与实践/CompDesignAndPractise/CompDesignAndPractise.srcs/sources_1/new/miniRV.v:]
WARNING: [filemgmt 56-199] Attempt to get parsing info during refresh. "On-the-fly" syntax checking information may be incorrect. [D:/计算机设计与实践/CompDesignAndPractise/CompDesignAndPractise.srcs/sources_1/new/MEM.v:]
WARNING: [filemgmt 56-199] Attempt to get parsing info during refresh. "On-the-fly" syntax checking information may be incorrect. [D:/计算机设计与实践/CompDesignAndPractise/CompDesignAndPractise.srcs/sources_1/new/ID.v:]
WARNING: [filemgmt 56-199] Attempt to get parsing info during refresh. "On-the-fly" syntax checking information may be incorrect. [D:/计算机设计与实践/CompDesignAndPractise/CompDesignAndPractise.srcs/sources_1/new/IF.v:]
WARNING: [filemgmt 56-199] Attempt to get parsing info during refresh. "On-the-fly" syntax checking information may be incorrect. [D:/计算机设计与实践/CompDesignAndPractise/CompDesignAndPractise.srcs/sources_1/new/ALUb_Sel.v:]
WARNING: [filemgmt 56-199] Attempt to get parsing info during refresh. "On-the-fly" syntax checking information may be incorrect. [D:/计算机设计与实践/CompDesignAndPractise/CompDesignAndPractise.srcs/sources_1/new/top.v:]
WARNING: [filemgmt 56-199] Attempt to get parsing info during refresh. "On-the-fly" syntax checking information may be incorrect. [D:/计算机设计与实践/CompDesignAndPractise/CompDesignAndPractise.srcs/sources_1/new/EX.v:]
WARNING: [filemgmt 56-199] Attempt to get parsing info during refresh. "On-the-fly" syntax checking information may be incorrect. [D:/计算机设计与实践/CompDesignAndPractise/CompDesignAndPractise.srcs/sources_1/new/WB.v:]
WARNING: [filemgmt 56-199] Attempt to get parsing info during refresh. "On-the-fly" syntax checking information may be incorrect. [D:/计算机设计与实践/CompDesignAndPractise/CompDesignAndPractise.srcs/sources_1/new/Control.v:]
WARNING: [filemgmt 56-199] Attempt to get parsing info during refresh. "On-the-fly" syntax checking information may be incorrect. [D:/计算机设计与实践/CompDesignAndPractise/CompDesignAndPractise.srcs/sources_1/new/miniRV.v:]
WARNING: [filemgmt 56-199] Attempt to get parsing info during refresh. "On-the-fly" syntax checking information may be incorrect. [D:/计算机设计与实践/CompDesignAndPractise/CompDesignAndPractise.srcs/sources_1/new/MEM.v:]
WARNING: [filemgmt 56-199] Attempt to get parsing info during refresh. "On-the-fly" syntax checking information may be incorrect. [D:/计算机设计与实践/CompDesignAndPractise/CompDesignAndPractise.srcs/sources_1/new/ID.v:]
WARNING: [filemgmt 56-199] Attempt to get parsing info during refresh. "On-the-fly" syntax checking information may be incorrect. [D:/计算机设计与实践/CompDesignAndPractise/CompDesignAndPractise.srcs/sources_1/new/IF.v:]
WARNING: [filemgmt 56-199] Attempt to get parsing info during refresh. "On-the-fly" syntax checking information may be incorrect. [D:/计算机设计与实践/CompDesignAndPractise/CompDesignAndPractise.srcs/sources_1/new/ALUb_Sel.v:]
WARNING: [filemgmt 56-199] Attempt to get parsing info during refresh. "On-the-fly" syntax checking information may be incorrect. [D:/计算机设计与实践/CompDesignAndPractise/CompDesignAndPractise.srcs/sources_1/new/top.v:]
WARNING: [filemgmt 56-199] Attempt to get parsing info during refresh. "On-the-fly" syntax checking information may be incorrect. [D:/计算机设计与实践/CompDesignAndPractise/CompDesignAndPractise.srcs/sources_1/new/EX.v:]
WARNING: [filemgmt 56-199] Attempt to get parsing info during refresh. "On-the-fly" syntax checking information may be incorrect. [D:/计算机设计与实践/CompDesignAndPractise/CompDesignAndPractise.srcs/sources_1/new/WB.v:]
WARNING: [filemgmt 56-199] Attempt to get parsing info during refresh. "On-the-fly" syntax checking information may be incorrect. [D:/计算机设计与实践/CompDesignAndPractise/CompDesignAndPractise.srcs/sources_1/new/Control.v:]
WARNING: [filemgmt 56-199] Attempt to get parsing info during refresh. "On-the-fly" syntax checking information may be incorrect. [D:/计算机设计与实践/CompDesignAndPractise/CompDesignAndPractise.srcs/sources_1/new/miniRV.v:]
WARNING: [filemgmt 56-199] Attempt to get parsing info during refresh. "On-the-fly" syntax checking information may be incorrect. [D:/计算机设计与实践/CompDesignAndPractise/CompDesignAndPractise.srcs/sources_1/new/MEM.v:]
WARNING: [filemgmt 56-199] Attempt to get parsing info during refresh. "On-the-fly" syntax checking information may be incorrect. [D:/计算机设计与实践/CompDesignAndPractise/CompDesignAndPractise.srcs/sources_1/new/ID.v:]
WARNING: [filemgmt 56-199] Attempt to get parsing info during refresh. "On-the-fly" syntax checking information may be incorrect. [D:/计算机设计与实践/CompDesignAndPractise/CompDesignAndPractise.srcs/sources_1/new/IF.v:]
WARNING: [filemgmt 56-199] Attempt to get parsing info during refresh. "On-the-fly" syntax checking information may be incorrect. [D:/计算机设计与实践/CompDesignAndPractise/CompDesignAndPractise.srcs/sources_1/new/ALUb_Sel.v:]
WARNING: [filemgmt 56-199] Attempt to get parsing info during refresh. "On-the-fly" syntax checking information may be incorrect. [D:/计算机设计与实践/CompDesignAndPractise/CompDesignAndPractise.srcs/sources_1/new/top.v:]
WARNING: [filemgmt 56-199] Attempt to get parsing info during refresh. "On-the-fly" syntax checking information may be incorrect. [D:/计算机设计与实践/CompDesignAndPractise/CompDesignAndPractise.srcs/sources_1/new/EX.v:]
WARNING: [filemgmt 56-199] Attempt to get parsing info during refresh. "On-the-fly" syntax checking information may be incorrect. [D:/计算机设计与实践/CompDesignAndPractise/CompDesignAndPractise.srcs/sources_1/new/WB.v:]
WARNING: [filemgmt 56-199] Attempt to get parsing info during refresh. "On-the-fly" syntax checking information may be incorrect. [D:/计算机设计与实践/CompDesignAndPractise/CompDesignAndPractise.srcs/sources_1/new/Control.v:]
WARNING: [filemgmt 56-199] Attempt to get parsing info during refresh. "On-the-fly" syntax checking information may be incorrect. [D:/计算机设计与实践/CompDesignAndPractise/CompDesignAndPractise.srcs/sources_1/new/miniRV.v:]
WARNING: [filemgmt 56-199] Attempt to get parsing info during refresh. "On-the-fly" syntax checking information may be incorrect. [D:/计算机设计与实践/CompDesignAndPractise/CompDesignAndPractise.srcs/sources_1/new/MEM.v:]
WARNING: [filemgmt 56-199] Attempt to get parsing info during refresh. "On-the-fly" syntax checking information may be incorrect. [D:/计算机设计与实践/CompDesignAndPractise/CompDesignAndPractise.srcs/sources_1/new/ID.v:]
WARNING: [filemgmt 56-199] Attempt to get parsing info during refresh. "On-the-fly" syntax checking information may be incorrect. [D:/计算机设计与实践/CompDesignAndPractise/CompDesignAndPractise.srcs/sources_1/new/IF.v:]
WARNING: [filemgmt 56-199] Attempt to get parsing info during refresh. "On-the-fly" syntax checking information may be incorrect. [D:/计算机设计与实践/CompDesignAndPractise/CompDesignAndPractise.srcs/sources_1/new/ALUb_Sel.v:]
WARNING: [filemgmt 56-199] Attempt to get parsing info during refresh. "On-the-fly" syntax checking information may be incorrect. [D:/计算机设计与实践/CompDesignAndPractise/CompDesignAndPractise.srcs/sources_1/new/top.v:]
WARNING: [filemgmt 56-199] Attempt to get parsing info during refresh. "On-the-fly" syntax checking information may be incorrect. [D:/计算机设计与实践/CompDesignAndPractise/CompDesignAndPractise.srcs/sources_1/new/EX.v:]
WARNING: [filemgmt 56-199] Attempt to get parsing info during refresh. "On-the-fly" syntax checking information may be incorrect. [D:/计算机设计与实践/CompDesignAndPractise/CompDesignAndPractise.srcs/sources_1/new/WB.v:]
WARNING: [filemgmt 56-199] Attempt to get parsing info during refresh. "On-the-fly" syntax checking information may be incorrect. [D:/计算机设计与实践/CompDesignAndPractise/CompDesignAndPractise.srcs/sources_1/new/Control.v:]
WARNING: [filemgmt 56-199] Attempt to get parsing info during refresh. "On-the-fly" syntax checking information may be incorrect. [D:/计算机设计与实践/CompDesignAndPractise/CompDesignAndPractise.srcs/sources_1/new/miniRV.v:]
WARNING: [filemgmt 56-199] Attempt to get parsing info during refresh. "On-the-fly" syntax checking information may be incorrect. [D:/计算机设计与实践/CompDesignAndPractise/CompDesignAndPractise.srcs/sources_1/new/MEM.v:]
WARNING: [filemgmt 56-199] Attempt to get parsing info during refresh. "On-the-fly" syntax checking information may be incorrect. [D:/计算机设计与实践/CompDesignAndPractise/CompDesignAndPractise.srcs/sources_1/new/ID.v:]
WARNING: [filemgmt 56-199] Attempt to get parsing info during refresh. "On-the-fly" syntax checking information may be incorrect. [D:/计算机设计与实践/CompDesignAndPractise/CompDesignAndPractise.srcs/sources_1/new/IF.v:]
WARNING: [filemgmt 56-199] Attempt to get parsing info during refresh. "On-the-fly" syntax checking information may be incorrect. [D:/计算机设计与实践/CompDesignAndPractise/CompDesignAndPractise.srcs/sources_1/new/ALUb_Sel.v:]
WARNING: [filemgmt 56-199] Attempt to get parsing info during refresh. "On-the-fly" syntax checking information may be incorrect. [D:/计算机设计与实践/CompDesignAndPractise/CompDesignAndPractise.srcs/sources_1/new/top.v:]
WARNING: [filemgmt 56-199] Attempt to get parsing info during refresh. "On-the-fly" syntax checking information may be incorrect. [D:/计算机设计与实践/CompDesignAndPractise/CompDesignAndPractise.srcs/sources_1/new/EX.v:]
WARNING: [filemgmt 56-199] Attempt to get parsing info during refresh. "On-the-fly" syntax checking information may be incorrect. [D:/计算机设计与实践/CompDesignAndPractise/CompDesignAndPractise.srcs/sources_1/new/WB.v:]
WARNING: [filemgmt 56-199] Attempt to get parsing info during refresh. "On-the-fly" syntax checking information may be incorrect. [D:/计算机设计与实践/CompDesignAndPractise/CompDesignAndPractise.srcs/sources_1/new/Control.v:]
WARNING: [filemgmt 56-199] Attempt to get parsing info during refresh. "On-the-fly" syntax checking information may be incorrect. [D:/计算机设计与实践/CompDesignAndPractise/CompDesignAndPractise.srcs/sources_1/new/miniRV.v:]
WARNING: [filemgmt 56-199] Attempt to get parsing info during refresh. "On-the-fly" syntax checking information may be incorrect. [D:/计算机设计与实践/CompDesignAndPractise/CompDesignAndPractise.srcs/sources_1/new/MEM.v:]
WARNING: [filemgmt 56-199] Attempt to get parsing info during refresh. "On-the-fly" syntax checking information may be incorrect. [D:/计算机设计与实践/CompDesignAndPractise/CompDesignAndPractise.srcs/sources_1/new/ID.v:]
WARNING: [filemgmt 56-199] Attempt to get parsing info during refresh. "On-the-fly" syntax checking information may be incorrect. [D:/计算机设计与实践/CompDesignAndPractise/CompDesignAndPractise.srcs/sources_1/new/IF.v:]
WARNING: [filemgmt 56-199] Attempt to get parsing info during refresh. "On-the-fly" syntax checking information may be incorrect. [D:/计算机设计与实践/CompDesignAndPractise/CompDesignAndPractise.srcs/sources_1/new/ALUb_Sel.v:]
WARNING: [filemgmt 56-199] Attempt to get parsing info during refresh. "On-the-fly" syntax checking information may be incorrect. [D:/计算机设计与实践/CompDesignAndPractise/CompDesignAndPractise.srcs/sources_1/new/top.v:]
WARNING: [filemgmt 56-199] Attempt to get parsing info during refresh. "On-the-fly" syntax checking information may be incorrect. [D:/计算机设计与实践/CompDesignAndPractise/CompDesignAndPractise.srcs/sources_1/new/EX.v:]
WARNING: [filemgmt 56-199] Attempt to get parsing info during refresh. "On-the-fly" syntax checking information may be incorrect. [D:/计算机设计与实践/CompDesignAndPractise/CompDesignAndPractise.srcs/sources_1/new/WB.v:]
WARNING: [filemgmt 56-199] Attempt to get parsing info during refresh. "On-the-fly" syntax checking information may be incorrect. [D:/计算机设计与实践/CompDesignAndPractise/CompDesignAndPractise.srcs/sources_1/new/Control.v:]
WARNING: [filemgmt 56-199] Attempt to get parsing info during refresh. "On-the-fly" syntax checking information may be incorrect. [D:/计算机设计与实践/CompDesignAndPractise/CompDesignAndPractise.srcs/sources_1/new/miniRV.v:]
WARNING: [filemgmt 56-199] Attempt to get parsing info during refresh. "On-the-fly" syntax checking information may be incorrect. [D:/计算机设计与实践/CompDesignAndPractise/CompDesignAndPractise.srcs/sources_1/new/MEM.v:]
WARNING: [filemgmt 56-199] Attempt to get parsing info during refresh. "On-the-fly" syntax checking information may be incorrect. [D:/计算机设计与实践/CompDesignAndPractise/CompDesignAndPractise.srcs/sources_1/new/ID.v:]
WARNING: [filemgmt 56-199] Attempt to get parsing info during refresh. "On-the-fly" syntax checking information may be incorrect. [D:/计算机设计与实践/CompDesignAndPractise/CompDesignAndPractise.srcs/sources_1/new/IF.v:]
WARNING: [filemgmt 56-199] Attempt to get parsing info during refresh. "On-the-fly" syntax checking information may be incorrect. [D:/计算机设计与实践/CompDesignAndPractise/CompDesignAndPractise.srcs/sources_1/new/ALUb_Sel.v:]
WARNING: [filemgmt 56-199] Attempt to get parsing info during refresh. "On-the-fly" syntax checking information may be incorrect. [D:/计算机设计与实践/CompDesignAndPractise/CompDesignAndPractise.srcs/sources_1/new/top.v:]
WARNING: [filemgmt 56-199] Attempt to get parsing info during refresh. "On-the-fly" syntax checking information may be incorrect. [D:/计算机设计与实践/CompDesignAndPractise/CompDesignAndPractise.srcs/sources_1/new/EX.v:]
WARNING: [filemgmt 56-199] Attempt to get parsing info during refresh. "On-the-fly" syntax checking information may be incorrect. [D:/计算机设计与实践/CompDesignAndPractise/CompDesignAndPractise.srcs/sources_1/new/WB.v:]
WARNING: [filemgmt 56-199] Attempt to get parsing info during refresh. "On-the-fly" syntax checking information may be incorrect. [D:/计算机设计与实践/CompDesignAndPractise/CompDesignAndPractise.srcs/sources_1/new/Control.v:]
WARNING: [filemgmt 56-199] Attempt to get parsing info during refresh. "On-the-fly" syntax checking information may be incorrect. [D:/计算机设计与实践/CompDesignAndPractise/CompDesignAndPractise.srcs/sources_1/new/miniRV.v:]
WARNING: [filemgmt 56-199] Attempt to get parsing info during refresh. "On-the-fly" syntax checking information may be incorrect. [D:/计算机设计与实践/CompDesignAndPractise/CompDesignAndPractise.srcs/sources_1/new/MEM.v:]
WARNING: [filemgmt 56-199] Attempt to get parsing info during refresh. "On-the-fly" syntax checking information may be incorrect. [D:/计算机设计与实践/CompDesignAndPractise/CompDesignAndPractise.srcs/sources_1/new/ID.v:]
WARNING: [filemgmt 56-199] Attempt to get parsing info during refresh. "On-the-fly" syntax checking information may be incorrect. [D:/计算机设计与实践/CompDesignAndPractise/CompDesignAndPractise.srcs/sources_1/new/IF.v:]
WARNING: [filemgmt 56-199] Attempt to get parsing info during refresh. "On-the-fly" syntax checking information may be incorrect. [D:/计算机设计与实践/CompDesignAndPractise/CompDesignAndPractise.srcs/sources_1/new/ALUb_Sel.v:]
WARNING: [filemgmt 56-199] Attempt to get parsing info during refresh. "On-the-fly" syntax checking information may be incorrect. [D:/计算机设计与实践/CompDesignAndPractise/CompDesignAndPractise.srcs/sources_1/new/top.v:]
WARNING: [filemgmt 56-199] Attempt to get parsing info during refresh. "On-the-fly" syntax checking information may be incorrect. [D:/计算机设计与实践/CompDesignAndPractise/CompDesignAndPractise.srcs/sources_1/new/EX.v:]
WARNING: [filemgmt 56-199] Attempt to get parsing info during refresh. "On-the-fly" syntax checking information may be incorrect. [D:/计算机设计与实践/CompDesignAndPractise/CompDesignAndPractise.srcs/sources_1/new/WB.v:]
WARNING: [filemgmt 56-199] Attempt to get parsing info during refresh. "On-the-fly" syntax checking information may be incorrect. [D:/计算机设计与实践/CompDesignAndPractise/CompDesignAndPractise.srcs/sources_1/new/Control.v:]
WARNING: [filemgmt 56-199] Attempt to get parsing info during refresh. "On-the-fly" syntax checking information may be incorrect. [D:/计算机设计与实践/CompDesignAndPractise/CompDesignAndPractise.srcs/sources_1/new/miniRV.v:]
WARNING: [filemgmt 56-199] Attempt to get parsing info during refresh. "On-the-fly" syntax checking information may be incorrect. [D:/计算机设计与实践/CompDesignAndPractise/CompDesignAndPractise.srcs/sources_1/new/MEM.v:]
WARNING: [filemgmt 56-199] Attempt to get parsing info during refresh. "On-the-fly" syntax checking information may be incorrect. [D:/计算机设计与实践/CompDesignAndPractise/CompDesignAndPractise.srcs/sources_1/new/ID.v:]
WARNING: [filemgmt 56-199] Attempt to get parsing info during refresh. "On-the-fly" syntax checking information may be incorrect. [D:/计算机设计与实践/CompDesignAndPractise/CompDesignAndPractise.srcs/sources_1/new/IF.v:]
WARNING: [filemgmt 56-199] Attempt to get parsing info during refresh. "On-the-fly" syntax checking information may be incorrect. [D:/计算机设计与实践/CompDesignAndPractise/CompDesignAndPractise.srcs/sources_1/new/ALUb_Sel.v:]
WARNING: [filemgmt 56-199] Attempt to get parsing info during refresh. "On-the-fly" syntax checking information may be incorrect. [D:/计算机设计与实践/CompDesignAndPractise/CompDesignAndPractise.srcs/sources_1/new/top.v:]
WARNING: [filemgmt 56-199] Attempt to get parsing info during refresh. "On-the-fly" syntax checking information may be incorrect. [D:/计算机设计与实践/CompDesignAndPractise/CompDesignAndPractise.srcs/sources_1/new/EX.v:]
WARNING: [filemgmt 56-199] Attempt to get parsing info during refresh. "On-the-fly" syntax checking information may be incorrect. [D:/计算机设计与实践/CompDesignAndPractise/CompDesignAndPractise.srcs/sources_1/new/WB.v:]
WARNING: [filemgmt 56-199] Attempt to get parsing info during refresh. "On-the-fly" syntax checking information may be incorrect. [D:/计算机设计与实践/CompDesignAndPractise/CompDesignAndPractise.srcs/sources_1/new/Control.v:]
WARNING: [filemgmt 56-199] Attempt to get parsing info during refresh. "On-the-fly" syntax checking information may be incorrect. [D:/计算机设计与实践/CompDesignAndPractise/CompDesignAndPractise.srcs/sources_1/new/miniRV.v:]
WARNING: [filemgmt 56-199] Attempt to get parsing info during refresh. "On-the-fly" syntax checking information may be incorrect. [D:/计算机设计与实践/CompDesignAndPractise/CompDesignAndPractise.srcs/sources_1/new/MEM.v:]
WARNING: [filemgmt 56-199] Attempt to get parsing info during refresh. "On-the-fly" syntax checking information may be incorrect. [D:/计算机设计与实践/CompDesignAndPractise/CompDesignAndPractise.srcs/sources_1/new/ID.v:]
WARNING: [filemgmt 56-199] Attempt to get parsing info during refresh. "On-the-fly" syntax checking information may be incorrect. [D:/计算机设计与实践/CompDesignAndPractise/CompDesignAndPractise.srcs/sources_1/new/IF.v:]
WARNING: [filemgmt 56-199] Attempt to get parsing info during refresh. "On-the-fly" syntax checking information may be incorrect. [D:/计算机设计与实践/CompDesignAndPractise/CompDesignAndPractise.srcs/sources_1/new/ALUb_Sel.v:]
WARNING: [filemgmt 56-199] Attempt to get parsing info during refresh. "On-the-fly" syntax checking information may be incorrect. [D:/计算机设计与实践/CompDesignAndPractise/CompDesignAndPractise.srcs/sources_1/new/top.v:]
WARNING: [filemgmt 56-199] Attempt to get parsing info during refresh. "On-the-fly" syntax checking information may be incorrect. [D:/计算机设计与实践/CompDesignAndPractise/CompDesignAndPractise.srcs/sources_1/new/EX.v:]
WARNING: [filemgmt 56-199] Attempt to get parsing info during refresh. "On-the-fly" syntax checking information may be incorrect. [D:/计算机设计与实践/CompDesignAndPractise/CompDesignAndPractise.srcs/sources_1/new/WB.v:]
WARNING: [filemgmt 56-199] Attempt to get parsing info during refresh. "On-the-fly" syntax checking information may be incorrect. [D:/计算机设计与实践/CompDesignAndPractise/CompDesignAndPractise.srcs/sources_1/new/Control.v:]
WARNING: [filemgmt 56-199] Attempt to get parsing info during refresh. "On-the-fly" syntax checking information may be incorrect. [D:/计算机设计与实践/CompDesignAndPractise/CompDesignAndPractise.srcs/sources_1/new/miniRV.v:]
WARNING: [filemgmt 56-199] Attempt to get parsing info during refresh. "On-the-fly" syntax checking information may be incorrect. [D:/计算机设计与实践/CompDesignAndPractise/CompDesignAndPractise.srcs/sources_1/new/MEM.v:]
WARNING: [filemgmt 56-199] Attempt to get parsing info during refresh. "On-the-fly" syntax checking information may be incorrect. [D:/计算机设计与实践/CompDesignAndPractise/CompDesignAndPractise.srcs/sources_1/new/ID.v:]
WARNING: [filemgmt 56-199] Attempt to get parsing info during refresh. "On-the-fly" syntax checking information may be incorrect. [D:/计算机设计与实践/CompDesignAndPractise/CompDesignAndPractise.srcs/sources_1/new/IF.v:]
WARNING: [filemgmt 56-199] Attempt to get parsing info during refresh. "On-the-fly" syntax checking information may be incorrect. [D:/计算机设计与实践/CompDesignAndPractise/CompDesignAndPractise.srcs/sources_1/new/ALUb_Sel.v:]
WARNING: [filemgmt 56-199] Attempt to get parsing info during refresh. "On-the-fly" syntax checking information may be incorrect. [D:/计算机设计与实践/CompDesignAndPractise/CompDesignAndPractise.srcs/sources_1/new/top.v:]
WARNING: [filemgmt 56-199] Attempt to get parsing info during refresh. "On-the-fly" syntax checking information may be incorrect. [D:/计算机设计与实践/CompDesignAndPractise/CompDesignAndPractise.srcs/sources_1/new/EX.v:]
WARNING: [filemgmt 56-199] Attempt to get parsing info during refresh. "On-the-fly" syntax checking information may be incorrect. [D:/计算机设计与实践/CompDesignAndPractise/CompDesignAndPractise.srcs/sources_1/new/WB.v:]
WARNING: [filemgmt 56-199] Attempt to get parsing info during refresh. "On-the-fly" syntax checking information may be incorrect. [D:/计算机设计与实践/CompDesignAndPractise/CompDesignAndPractise.srcs/sources_1/new/Control.v:]
WARNING: [filemgmt 56-199] Attempt to get parsing info during refresh. "On-the-fly" syntax checking information may be incorrect. [D:/计算机设计与实践/CompDesignAndPractise/CompDesignAndPractise.srcs/sources_1/new/miniRV.v:]
WARNING: [filemgmt 56-199] Attempt to get parsing info during refresh. "On-the-fly" syntax checking information may be incorrect. [D:/计算机设计与实践/CompDesignAndPractise/CompDesignAndPractise.srcs/sources_1/new/MEM.v:]
WARNING: [filemgmt 56-199] Attempt to get parsing info during refresh. "On-the-fly" syntax checking information may be incorrect. [D:/计算机设计与实践/CompDesignAndPractise/CompDesignAndPractise.srcs/sources_1/new/ID.v:]
WARNING: [filemgmt 56-199] Attempt to get parsing info during refresh. "On-the-fly" syntax checking information may be incorrect. [D:/计算机设计与实践/CompDesignAndPractise/CompDesignAndPractise.srcs/sources_1/new/IF.v:]
WARNING: [filemgmt 56-199] Attempt to get parsing info during refresh. "On-the-fly" syntax checking information may be incorrect. [D:/计算机设计与实践/CompDesignAndPractise/CompDesignAndPractise.srcs/sources_1/new/ALUb_Sel.v:]
WARNING: [filemgmt 56-199] Attempt to get parsing info during refresh. "On-the-fly" syntax checking information may be incorrect. [D:/计算机设计与实践/CompDesignAndPractise/CompDesignAndPractise.srcs/sources_1/new/top.v:]
WARNING: [filemgmt 56-199] Attempt to get parsing info during refresh. "On-the-fly" syntax checking information may be incorrect. [D:/计算机设计与实践/CompDesignAndPractise/CompDesignAndPractise.srcs/sources_1/new/EX.v:]
WARNING: [filemgmt 56-199] Attempt to get parsing info during refresh. "On-the-fly" syntax checking information may be incorrect. [D:/计算机设计与实践/CompDesignAndPractise/CompDesignAndPractise.srcs/sources_1/new/WB.v:]
WARNING: [filemgmt 56-199] Attempt to get parsing info during refresh. "On-the-fly" syntax checking information may be incorrect. [D:/计算机设计与实践/CompDesignAndPractise/CompDesignAndPractise.srcs/sources_1/new/Control.v:]
WARNING: [filemgmt 56-199] Attempt to get parsing info during refresh. "On-the-fly" syntax checking information may be incorrect. [D:/计算机设计与实践/CompDesignAndPractise/CompDesignAndPractise.srcs/sources_1/new/miniRV.v:]
WARNING: [filemgmt 56-199] Attempt to get parsing info during refresh. "On-the-fly" syntax checking information may be incorrect. [D:/计算机设计与实践/CompDesignAndPractise/CompDesignAndPractise.srcs/sources_1/new/MEM.v:]
WARNING: [filemgmt 56-199] Attempt to get parsing info during refresh. "On-the-fly" syntax checking information may be incorrect. [D:/计算机设计与实践/CompDesignAndPractise/CompDesignAndPractise.srcs/sources_1/new/ID.v:]
WARNING: [filemgmt 56-199] Attempt to get parsing info during refresh. "On-the-fly" syntax checking information may be incorrect. [D:/计算机设计与实践/CompDesignAndPractise/CompDesignAndPractise.srcs/sources_1/new/IF.v:]
WARNING: [filemgmt 56-199] Attempt to get parsing info during refresh. "On-the-fly" syntax checking information may be incorrect. [D:/计算机设计与实践/CompDesignAndPractise/CompDesignAndPractise.srcs/sources_1/new/ALUb_Sel.v:]
WARNING: [filemgmt 56-199] Attempt to get parsing info during refresh. "On-the-fly" syntax checking information may be incorrect. [D:/计算机设计与实践/CompDesignAndPractise/CompDesignAndPractise.srcs/sources_1/new/top.v:]
WARNING: [filemgmt 56-199] Attempt to get parsing info during refresh. "On-the-fly" syntax checking information may be incorrect. [D:/计算机设计与实践/CompDesignAndPractise/CompDesignAndPractise.srcs/sources_1/new/EX.v:]
WARNING: [filemgmt 56-199] Attempt to get parsing info during refresh. "On-the-fly" syntax checking information may be incorrect. [D:/计算机设计与实践/CompDesignAndPractise/CompDesignAndPractise.srcs/sources_1/new/WB.v:]
WARNING: [filemgmt 56-199] Attempt to get parsing info during refresh. "On-the-fly" syntax checking information may be incorrect. [D:/计算机设计与实践/CompDesignAndPractise/CompDesignAndPractise.srcs/sources_1/new/Control.v:]
WARNING: [filemgmt 56-199] Attempt to get parsing info during refresh. "On-the-fly" syntax checking information may be incorrect. [D:/计算机设计与实践/CompDesignAndPractise/CompDesignAndPractise.srcs/sources_1/new/miniRV.v:]
WARNING: [filemgmt 56-199] Attempt to get parsing info during refresh. "On-the-fly" syntax checking information may be incorrect. [D:/计算机设计与实践/CompDesignAndPractise/CompDesignAndPractise.srcs/sources_1/new/MEM.v:]
WARNING: [filemgmt 56-199] Attempt to get parsing info during refresh. "On-the-fly" syntax checking information may be incorrect. [D:/计算机设计与实践/CompDesignAndPractise/CompDesignAndPractise.srcs/sources_1/new/ID.v:]
WARNING: [filemgmt 56-199] Attempt to get parsing info during refresh. "On-the-fly" syntax checking information may be incorrect. [D:/计算机设计与实践/CompDesignAndPractise/CompDesignAndPractise.srcs/sources_1/new/IF.v:]
WARNING: [filemgmt 56-199] Attempt to get parsing info during refresh. "On-the-fly" syntax checking information may be incorrect. [D:/计算机设计与实践/CompDesignAndPractise/CompDesignAndPractise.srcs/sources_1/new/ALUb_Sel.v:]
WARNING: [filemgmt 56-199] Attempt to get parsing info during refresh. "On-the-fly" syntax checking information may be incorrect. [D:/计算机设计与实践/CompDesignAndPractise/CompDesignAndPractise.srcs/sources_1/new/top.v:]
WARNING: [filemgmt 56-199] Attempt to get parsing info during refresh. "On-the-fly" syntax checking information may be incorrect. [D:/计算机设计与实践/CompDesignAndPractise/CompDesignAndPractise.srcs/sources_1/new/EX.v:]
WARNING: [filemgmt 56-199] Attempt to get parsing info during refresh. "On-the-fly" syntax checking information may be incorrect. [D:/计算机设计与实践/CompDesignAndPractise/CompDesignAndPractise.srcs/sources_1/new/WB.v:]
WARNING: [filemgmt 56-199] Attempt to get parsing info during refresh. "On-the-fly" syntax checking information may be incorrect. [D:/计算机设计与实践/CompDesignAndPractise/CompDesignAndPractise.srcs/sources_1/new/Control.v:]
WARNING: [filemgmt 56-199] Attempt to get parsing info during refresh. "On-the-fly" syntax checking information may be incorrect. [D:/计算机设计与实践/CompDesignAndPractise/CompDesignAndPractise.srcs/sources_1/new/miniRV.v:]
WARNING: [filemgmt 56-199] Attempt to get parsing info during refresh. "On-the-fly" syntax checking information may be incorrect. [D:/计算机设计与实践/CompDesignAndPractise/CompDesignAndPractise.srcs/sources_1/new/MEM.v:]
WARNING: [filemgmt 56-199] Attempt to get parsing info during refresh. "On-the-fly" syntax checking information may be incorrect. [D:/计算机设计与实践/CompDesignAndPractise/CompDesignAndPractise.srcs/sources_1/new/ID.v:]
WARNING: [filemgmt 56-199] Attempt to get parsing info during refresh. "On-the-fly" syntax checking information may be incorrect. [D:/计算机设计与实践/CompDesignAndPractise/CompDesignAndPractise.srcs/sources_1/new/IF.v:]
WARNING: [filemgmt 56-199] Attempt to get parsing info during refresh. "On-the-fly" syntax checking information may be incorrect. [D:/计算机设计与实践/CompDesignAndPractise/CompDesignAndPractise.srcs/sources_1/new/ALUb_Sel.v:]
WARNING: [filemgmt 56-199] Attempt to get parsing info during refresh. "On-the-fly" syntax checking information may be incorrect. [D:/计算机设计与实践/CompDesignAndPractise/CompDesignAndPractise.srcs/sources_1/new/top.v:]
WARNING: [filemgmt 56-199] Attempt to get parsing info during refresh. "On-the-fly" syntax checking information may be incorrect. [D:/计算机设计与实践/CompDesignAndPractise/CompDesignAndPractise.srcs/sources_1/new/EX.v:]
WARNING: [filemgmt 56-199] Attempt to get parsing info during refresh. "On-the-fly" syntax checking information may be incorrect. [D:/计算机设计与实践/CompDesignAndPractise/CompDesignAndPractise.srcs/sources_1/new/WB.v:]
WARNING: [filemgmt 56-199] Attempt to get parsing info during refresh. "On-the-fly" syntax checking information may be incorrect. [D:/计算机设计与实践/CompDesignAndPractise/CompDesignAndPractise.srcs/sources_1/new/Control.v:]
WARNING: [filemgmt 56-199] Attempt to get parsing info during refresh. "On-the-fly" syntax checking information may be incorrect. [D:/计算机设计与实践/CompDesignAndPractise/CompDesignAndPractise.srcs/sources_1/new/miniRV.v:]
WARNING: [filemgmt 56-199] Attempt to get parsing info during refresh. "On-the-fly" syntax checking information may be incorrect. [D:/计算机设计与实践/CompDesignAndPractise/CompDesignAndPractise.srcs/sources_1/new/MEM.v:]
WARNING: [filemgmt 56-199] Attempt to get parsing info during refresh. "On-the-fly" syntax checking information may be incorrect. [D:/计算机设计与实践/CompDesignAndPractise/CompDesignAndPractise.srcs/sources_1/new/ID.v:]
WARNING: [filemgmt 56-199] Attempt to get parsing info during refresh. "On-the-fly" syntax checking information may be incorrect. [D:/计算机设计与实践/CompDesignAndPractise/CompDesignAndPractise.srcs/sources_1/new/IF.v:]
WARNING: [filemgmt 56-199] Attempt to get parsing info during refresh. "On-the-fly" syntax checking information may be incorrect. [D:/计算机设计与实践/CompDesignAndPractise/CompDesignAndPractise.srcs/sources_1/new/ALUb_Sel.v:]
WARNING: [filemgmt 56-199] Attempt to get parsing info during refresh. "On-the-fly" syntax checking information may be incorrect. [D:/计算机设计与实践/CompDesignAndPractise/CompDesignAndPractise.srcs/sources_1/new/top.v:]
WARNING: [filemgmt 56-199] Attempt to get parsing info during refresh. "On-the-fly" syntax checking information may be incorrect. [D:/计算机设计与实践/CompDesignAndPractise/CompDesignAndPractise.srcs/sources_1/new/EX.v:]
WARNING: [filemgmt 56-199] Attempt to get parsing info during refresh. "On-the-fly" syntax checking information may be incorrect. [D:/计算机设计与实践/CompDesignAndPractise/CompDesignAndPractise.srcs/sources_1/new/WB.v:]
WARNING: [filemgmt 56-199] Attempt to get parsing info during refresh. "On-the-fly" syntax checking information may be incorrect. [D:/计算机设计与实践/CompDesignAndPractise/CompDesignAndPractise.srcs/sources_1/new/Control.v:]
WARNING: [filemgmt 56-199] Attempt to get parsing info during refresh. "On-the-fly" syntax checking information may be incorrect. [D:/计算机设计与实践/CompDesignAndPractise/CompDesignAndPractise.srcs/sources_1/new/miniRV.v:]
WARNING: [filemgmt 56-199] Attempt to get parsing info during refresh. "On-the-fly" syntax checking information may be incorrect. [D:/计算机设计与实践/CompDesignAndPractise/CompDesignAndPractise.srcs/sources_1/new/MEM.v:]
INFO: [Common 17-14] Message 'filemgmt 56-199' appears 100 times and further instances of the messages will be disabled. Use the Tcl command set_msg_config to change the current settings.
exit
INFO: [Common 17-206] Exiting Vivado at Thu Jul  8 18:01:26 2021...
