#-----------------------------------------------------------
# Vivado v2018.3 (64-bit)
# SW Build 2405991 on Thu Dec  6 23:38:27 MST 2018
# IP Build 2404404 on Fri Dec  7 01:43:56 MST 2018
# Start of session at: Wed Jul  7 08:34:39 2021
# Process ID: 13136
# Current directory: D:/计算机设计与实践/CompDesignAndPractise
# Command line: vivado.exe -gui_launcher_event rodinguilauncherevent12360 D:\计算机设计与实践\CompDesignAndPractise\CompDesignAndPractise.xpr
# Log file: D:/计算机设计与实践/CompDesignAndPractise/vivado.log
# Journal file: D:/计算机设计与实践/CompDesignAndPractise\vivado.jou
#-----------------------------------------------------------
start_gui
open_project D:/计算机设计与实践/CompDesignAndPractise/CompDesignAndPractise.xpr
INFO: [Project 1-313] Project file moved from 'D:/CompDesignAndPractise' since last save.
Scanning sources...
Finished scanning sources
INFO: [IP_Flow 19-234] Refreshing IP repositories
INFO: [IP_Flow 19-1704] No user IP repositories specified
INFO: [IP_Flow 19-2313] Loaded Vivado IP repository 'C:/Xilinx/Vivado/2018.3/data/ip'.
update_compile_order -fileset sources_1
close [ open D:/计算机设计与实践/CompDesignAndPractise/CompDesignAndPractise.srcs/sources_1/new/param.v w ]
add_files D:/计算机设计与实践/CompDesignAndPractise/CompDesignAndPractise.srcs/sources_1/new/param.v
update_compile_order -fileset sources_1
update_compile_order -fileset sources_1
close [ open D:/计算机设计与实践/CompDesignAndPractise/CompDesignAndPractise.srcs/sources_1/new/IF.v w ]
add_files D:/计算机设计与实践/CompDesignAndPractise/CompDesignAndPractise.srcs/sources_1/new/IF.v
update_compile_order -fileset sources_1
close [ open D:/计算机设计与实践/CompDesignAndPractise/CompDesignAndPractise.srcs/sources_1/new/npc.v w ]
add_files D:/计算机设计与实践/CompDesignAndPractise/CompDesignAndPractise.srcs/sources_1/new/npc.v
close [ open D:/计算机设计与实践/CompDesignAndPractise/CompDesignAndPractise.srcs/sources_1/new/pc.v w ]
add_files D:/计算机设计与实践/CompDesignAndPractise/CompDesignAndPractise.srcs/sources_1/new/pc.v
export_ip_user_files -of_objects  [get_files D:/计算机设计与实践/CompDesignAndPractise/CompDesignAndPractise.srcs/sources_1/new/IF.v] -no_script -reset -force -quiet
remove_files  D:/计算机设计与实践/CompDesignAndPractise/CompDesignAndPractise.srcs/sources_1/new/IF.v
file delete -force D:/计算机设计与实践/CompDesignAndPractise/CompDesignAndPractise.srcs/sources_1/new/IF.v
update_compile_order -fileset sources_1
export_ip_user_files -of_objects  [get_files D:/计算机设计与实践/CompDesignAndPractise/CompDesignAndPractise.srcs/sources_1/new/npc.v] -no_script -reset -force -quiet
remove_files  D:/计算机设计与实践/CompDesignAndPractise/CompDesignAndPractise.srcs/sources_1/new/npc.v
file delete -force D:/计算机设计与实践/CompDesignAndPractise/CompDesignAndPractise.srcs/sources_1/new/npc.v
export_ip_user_files -of_objects  [get_files D:/计算机设计与实践/CompDesignAndPractise/CompDesignAndPractise.srcs/sources_1/new/pc.v] -no_script -reset -force -quiet
remove_files  D:/计算机设计与实践/CompDesignAndPractise/CompDesignAndPractise.srcs/sources_1/new/pc.v
file delete -force D:/计算机设计与实践/CompDesignAndPractise/CompDesignAndPractise.srcs/sources_1/new/pc.v
close [ open D:/计算机设计与实践/CompDesignAndPractise/CompDesignAndPractise.srcs/sources_1/new/IF.v w ]
add_files D:/计算机设计与实践/CompDesignAndPractise/CompDesignAndPractise.srcs/sources_1/new/IF.v
close [ open D:/计算机设计与实践/CompDesignAndPractise/CompDesignAndPractise.srcs/sources_1/new/NPC.v w ]
add_files D:/计算机设计与实践/CompDesignAndPractise/CompDesignAndPractise.srcs/sources_1/new/NPC.v
close [ open D:/计算机设计与实践/CompDesignAndPractise/CompDesignAndPractise.srcs/sources_1/new/PC.v w ]
add_files D:/计算机设计与实践/CompDesignAndPractise/CompDesignAndPractise.srcs/sources_1/new/PC.v
update_compile_order -fileset sources_1
set_property is_global_include true [get_files  D:/计算机设计与实践/CompDesignAndPractise/CompDesignAndPractise.srcs/sources_1/new/param.v]
update_compile_order -fileset sources_1
create_ip -name dist_mem_gen -vendor xilinx.com -library ip -version 8.0 -module_name prgrom -dir d:/CompDesignAndPractise/CompDesignAndPractise.srcs/sources_
set_property -dict [list CONFIG.depth {16384} CONFIG.data_width {32} CONFIG.Component_Name {prgrom} CONFIG.memory_type {rom}] [get_ips prgrom]
WARNING: [Vivado 12-3523] Attempt to change 'Component_Name' from 'prgrom' to 'prgrom' is not allowed and is ignored.
generate_target {instantiation_template} [get_files d:/CompDesignAndPractise/CompDesignAndPractise.srcs/sources_/prgrom/prgrom.xci]
INFO: [IP_Flow 19-1686] Generating 'Instantiation Template' target for IP 'prgrom'...
generate_target all [get_files  d:/CompDesignAndPractise/CompDesignAndPractise.srcs/sources_/prgrom/prgrom.xci]
INFO: [IP_Flow 19-1686] Generating 'Synthesis' target for IP 'prgrom'...
INFO: [IP_Flow 19-1686] Generating 'Simulation' target for IP 'prgrom'...
INFO: [IP_Flow 19-1686] Generating 'Change Log' target for IP 'prgrom'...
catch { config_ip_cache -export [get_ips -all prgrom] }
export_ip_user_files -of_objects [get_files d:/CompDesignAndPractise/CompDesignAndPractise.srcs/sources_/prgrom/prgrom.xci] -no_script -sync -force -quiet
create_ip_run [get_files -of_objects [get_fileset sources_1] d:/CompDesignAndPractise/CompDesignAndPractise.srcs/sources_/prgrom/prgrom.xci]
launch_runs -jobs 12 prgrom_synth_1
[Wed Jul  7 11:06:16 2021] Launched prgrom_synth_1...
Run output will be captured here: D:/计算机设计与实践/CompDesignAndPractise/CompDesignAndPractise.runs/prgrom_synth_1/runme.log
export_simulation -of_objects [get_files d:/CompDesignAndPractise/CompDesignAndPractise.srcs/sources_/prgrom/prgrom.xci] -directory D:/计算机设计与实践/CompDesignAndPractise/CompDesignAndPractise.ip_user_files/sim_scripts -ip_user_files_dir D:/计算机设计与实践/CompDesignAndPractise/CompDesignAndPractise.ip_user_files -ipstatic_source_dir D:/计算机设计与实践/CompDesignAndPractise/CompDesignAndPractise.ip_user_files/ipstatic -lib_map_path [list {modelsim=D:/计算机设计与实践/CompDesignAndPractise/CompDesignAndPractise.cache/compile_simlib/modelsim} {questa=D:/计算机设计与实践/CompDesignAndPractise/CompDesignAndPractise.cache/compile_simlib/questa} {riviera=D:/计算机设计与实践/CompDesignAndPractise/CompDesignAndPractise.cache/compile_simlib/riviera} {activehdl=D:/计算机设计与实践/CompDesignAndPractise/CompDesignAndPractise.cache/compile_simlib/activehdl}] -use_ip_compiled_libs -force -quiet
export_ip_user_files -of_objects  [get_files D:/计算机设计与实践/CompDesignAndPractise/CompDesignAndPractise.srcs/sources_1/new/PC.v] -no_script -reset -force -quiet
remove_files  D:/计算机设计与实践/CompDesignAndPractise/CompDesignAndPractise.srcs/sources_1/new/PC.v
file delete -force D:/计算机设计与实践/CompDesignAndPractise/CompDesignAndPractise.srcs/sources_1/new/PC.v
WARNING: [filemgmt 56-199] Attempt to get parsing info during refresh. "On-the-fly" syntax checking information may be incorrect. [D:/计算机设计与实践/CompDesignAndPractise/CompDesignAndPractise.srcs/sources_1/new/IF.v:]
WARNING: [filemgmt 56-199] Attempt to get parsing info during refresh. "On-the-fly" syntax checking information may be incorrect. [D:/计算机设计与实践/CompDesignAndPractise/CompDesignAndPractise.srcs/sources_1/new/PC.v:]
WARNING: [filemgmt 56-199] Attempt to get parsing info during refresh. "On-the-fly" syntax checking information may be incorrect. [D:/计算机设计与实践/CompDesignAndPractise/CompDesignAndPractise.srcs/sources_1/new/NPC.v:]
WARNING: [filemgmt 56-199] Attempt to get parsing info during refresh. "On-the-fly" syntax checking information may be incorrect. [D:/计算机设计与实践/CompDesignAndPractise/CompDesignAndPractise.srcs/sources_1/new/param.v:]
ERROR: [Common 17-180] Spawn failed: No such file or directory
close [ open D:/计算机设计与实践/CompDesignAndPractise/CompDesignAndPractise.srcs/sources_1/new/Imme.v w ]
add_files D:/计算机设计与实践/CompDesignAndPractise/CompDesignAndPractise.srcs/sources_1/new/Imme.v
update_compile_order -fileset sources_1
close [ open D:/计算机设计与实践/CompDesignAndPractise/CompDesignAndPractise.srcs/sources_1/new/RegFile.v w ]
add_files D:/计算机设计与实践/CompDesignAndPractise/CompDesignAndPractise.srcs/sources_1/new/RegFile.v
update_compile_order -fileset sources_1
close [ open D:/计算机设计与实践/CompDesignAndPractise/CompDesignAndPractise.srcs/sources_1/new/PC.v w ]
add_files D:/计算机设计与实践/CompDesignAndPractise/CompDesignAndPractise.srcs/sources_1/new/PC.v
update_compile_order -fileset sources_1
WARNING: [filemgmt 56-199] Attempt to get parsing info during refresh. "On-the-fly" syntax checking information may be incorrect. [D:/计算机设计与实践/CompDesignAndPractise/CompDesignAndPractise.srcs/sources_1/new/RegFile.v:]
WARNING: [filemgmt 56-199] Attempt to get parsing info during refresh. "On-the-fly" syntax checking information may be incorrect. [D:/计算机设计与实践/CompDesignAndPractise/CompDesignAndPractise.srcs/sources_1/new/Imme.v:]
WARNING: [filemgmt 56-199] Attempt to get parsing info during refresh. "On-the-fly" syntax checking information may be incorrect. [D:/计算机设计与实践/CompDesignAndPractise/CompDesignAndPractise.srcs/sources_1/new/PC.v:]
WARNING: [filemgmt 56-199] Attempt to get parsing info during refresh. "On-the-fly" syntax checking information may be incorrect. [D:/计算机设计与实践/CompDesignAndPractise/CompDesignAndPractise.srcs/sources_1/new/NPC.v:]
WARNING: [filemgmt 56-199] Attempt to get parsing info during refresh. "On-the-fly" syntax checking information may be incorrect. [D:/计算机设计与实践/CompDesignAndPractise/CompDesignAndPractise.srcs/sources_1/new/param.v:]
ERROR: [Common 17-180] Spawn failed: Illegal byte sequence
WARNING: [filemgmt 56-199] Attempt to get parsing info during refresh. "On-the-fly" syntax checking information may be incorrect. [D:/计算机设计与实践/CompDesignAndPractise/CompDesignAndPractise.srcs/sources_1/new/RegFile.v:]
WARNING: [filemgmt 56-199] Attempt to get parsing info during refresh. "On-the-fly" syntax checking information may be incorrect. [D:/计算机设计与实践/CompDesignAndPractise/CompDesignAndPractise.srcs/sources_1/new/Imme.v:]
WARNING: [filemgmt 56-199] Attempt to get parsing info during refresh. "On-the-fly" syntax checking information may be incorrect. [D:/计算机设计与实践/CompDesignAndPractise/CompDesignAndPractise.srcs/sources_1/new/PC.v:]
WARNING: [filemgmt 56-199] Attempt to get parsing info during refresh. "On-the-fly" syntax checking information may be incorrect. [D:/计算机设计与实践/CompDesignAndPractise/CompDesignAndPractise.srcs/sources_1/new/NPC.v:]
WARNING: [filemgmt 56-199] Attempt to get parsing info during refresh. "On-the-fly" syntax checking information may be incorrect. [D:/计算机设计与实践/CompDesignAndPractise/CompDesignAndPractise.srcs/sources_1/new/param.v:]
ERROR: [Common 17-180] Spawn failed: Illegal byte sequence
WARNING: [filemgmt 56-199] Attempt to get parsing info during refresh. "On-the-fly" syntax checking information may be incorrect. [D:/计算机设计与实践/CompDesignAndPractise/CompDesignAndPractise.srcs/sources_1/new/RegFile.v:]
WARNING: [filemgmt 56-199] Attempt to get parsing info during refresh. "On-the-fly" syntax checking information may be incorrect. [D:/计算机设计与实践/CompDesignAndPractise/CompDesignAndPractise.srcs/sources_1/new/Imme.v:]
WARNING: [filemgmt 56-199] Attempt to get parsing info during refresh. "On-the-fly" syntax checking information may be incorrect. [D:/计算机设计与实践/CompDesignAndPractise/CompDesignAndPractise.srcs/sources_1/new/PC.v:]
WARNING: [filemgmt 56-199] Attempt to get parsing info during refresh. "On-the-fly" syntax checking information may be incorrect. [D:/计算机设计与实践/CompDesignAndPractise/CompDesignAndPractise.srcs/sources_1/new/NPC.v:]
WARNING: [filemgmt 56-199] Attempt to get parsing info during refresh. "On-the-fly" syntax checking information may be incorrect. [D:/计算机设计与实践/CompDesignAndPractise/CompDesignAndPractise.srcs/sources_1/new/param.v:]
ERROR: [Common 17-180] Spawn failed: Illegal byte sequence
WARNING: [filemgmt 56-199] Attempt to get parsing info during refresh. "On-the-fly" syntax checking information may be incorrect. [D:/计算机设计与实践/CompDesignAndPractise/CompDesignAndPractise.srcs/sources_1/new/RegFile.v:]
WARNING: [filemgmt 56-199] Attempt to get parsing info during refresh. "On-the-fly" syntax checking information may be incorrect. [D:/计算机设计与实践/CompDesignAndPractise/CompDesignAndPractise.srcs/sources_1/new/Imme.v:]
WARNING: [filemgmt 56-199] Attempt to get parsing info during refresh. "On-the-fly" syntax checking information may be incorrect. [D:/计算机设计与实践/CompDesignAndPractise/CompDesignAndPractise.srcs/sources_1/new/PC.v:]
WARNING: [filemgmt 56-199] Attempt to get parsing info during refresh. "On-the-fly" syntax checking information may be incorrect. [D:/计算机设计与实践/CompDesignAndPractise/CompDesignAndPractise.srcs/sources_1/new/NPC.v:]
WARNING: [filemgmt 56-199] Attempt to get parsing info during refresh. "On-the-fly" syntax checking information may be incorrect. [D:/计算机设计与实践/CompDesignAndPractise/CompDesignAndPractise.srcs/sources_1/new/param.v:]
ERROR: [Common 17-180] Spawn failed: Illegal byte sequence
WARNING: [filemgmt 56-199] Attempt to get parsing info during refresh. "On-the-fly" syntax checking information may be incorrect. [D:/计算机设计与实践/CompDesignAndPractise/CompDesignAndPractise.srcs/sources_1/new/RegFile.v:]
WARNING: [filemgmt 56-199] Attempt to get parsing info during refresh. "On-the-fly" syntax checking information may be incorrect. [D:/计算机设计与实践/CompDesignAndPractise/CompDesignAndPractise.srcs/sources_1/new/Imme.v:]
WARNING: [filemgmt 56-199] Attempt to get parsing info during refresh. "On-the-fly" syntax checking information may be incorrect. [D:/计算机设计与实践/CompDesignAndPractise/CompDesignAndPractise.srcs/sources_1/new/PC.v:]
WARNING: [filemgmt 56-199] Attempt to get parsing info during refresh. "On-the-fly" syntax checking information may be incorrect. [D:/计算机设计与实践/CompDesignAndPractise/CompDesignAndPractise.srcs/sources_1/new/NPC.v:]
WARNING: [filemgmt 56-199] Attempt to get parsing info during refresh. "On-the-fly" syntax checking information may be incorrect. [D:/计算机设计与实践/CompDesignAndPractise/CompDesignAndPractise.srcs/sources_1/new/param.v:]
ERROR: [Common 17-180] Spawn failed: Illegal byte sequence
WARNING: [filemgmt 56-199] Attempt to get parsing info during refresh. "On-the-fly" syntax checking information may be incorrect. [D:/计算机设计与实践/CompDesignAndPractise/CompDesignAndPractise.srcs/sources_1/new/RegFile.v:]
WARNING: [filemgmt 56-199] Attempt to get parsing info during refresh. "On-the-fly" syntax checking information may be incorrect. [D:/计算机设计与实践/CompDesignAndPractise/CompDesignAndPractise.srcs/sources_1/new/Imme.v:]
WARNING: [filemgmt 56-199] Attempt to get parsing info during refresh. "On-the-fly" syntax checking information may be incorrect. [D:/计算机设计与实践/CompDesignAndPractise/CompDesignAndPractise.srcs/sources_1/new/PC.v:]
WARNING: [filemgmt 56-199] Attempt to get parsing info during refresh. "On-the-fly" syntax checking information may be incorrect. [D:/计算机设计与实践/CompDesignAndPractise/CompDesignAndPractise.srcs/sources_1/new/NPC.v:]
WARNING: [filemgmt 56-199] Attempt to get parsing info during refresh. "On-the-fly" syntax checking information may be incorrect. [D:/计算机设计与实践/CompDesignAndPractise/CompDesignAndPractise.srcs/sources_1/new/param.v:]
ERROR: [Common 17-180] Spawn failed: Illegal byte sequence
WARNING: [filemgmt 56-199] Attempt to get parsing info during refresh. "On-the-fly" syntax checking information may be incorrect. [D:/计算机设计与实践/CompDesignAndPractise/CompDesignAndPractise.srcs/sources_1/new/RegFile.v:]
WARNING: [filemgmt 56-199] Attempt to get parsing info during refresh. "On-the-fly" syntax checking information may be incorrect. [D:/计算机设计与实践/CompDesignAndPractise/CompDesignAndPractise.srcs/sources_1/new/Imme.v:]
WARNING: [filemgmt 56-199] Attempt to get parsing info during refresh. "On-the-fly" syntax checking information may be incorrect. [D:/计算机设计与实践/CompDesignAndPractise/CompDesignAndPractise.srcs/sources_1/new/PC.v:]
WARNING: [filemgmt 56-199] Attempt to get parsing info during refresh. "On-the-fly" syntax checking information may be incorrect. [D:/计算机设计与实践/CompDesignAndPractise/CompDesignAndPractise.srcs/sources_1/new/NPC.v:]
WARNING: [filemgmt 56-199] Attempt to get parsing info during refresh. "On-the-fly" syntax checking information may be incorrect. [D:/计算机设计与实践/CompDesignAndPractise/CompDesignAndPractise.srcs/sources_1/new/param.v:]
ERROR: [Common 17-180] Spawn failed: Illegal byte sequence
WARNING: [filemgmt 56-199] Attempt to get parsing info during refresh. "On-the-fly" syntax checking information may be incorrect. [D:/计算机设计与实践/CompDesignAndPractise/CompDesignAndPractise.srcs/sources_1/new/RegFile.v:]
WARNING: [filemgmt 56-199] Attempt to get parsing info during refresh. "On-the-fly" syntax checking information may be incorrect. [D:/计算机设计与实践/CompDesignAndPractise/CompDesignAndPractise.srcs/sources_1/new/Imme.v:]
WARNING: [filemgmt 56-199] Attempt to get parsing info during refresh. "On-the-fly" syntax checking information may be incorrect. [D:/计算机设计与实践/CompDesignAndPractise/CompDesignAndPractise.srcs/sources_1/new/PC.v:]
WARNING: [filemgmt 56-199] Attempt to get parsing info during refresh. "On-the-fly" syntax checking information may be incorrect. [D:/计算机设计与实践/CompDesignAndPractise/CompDesignAndPractise.srcs/sources_1/new/NPC.v:]
WARNING: [filemgmt 56-199] Attempt to get parsing info during refresh. "On-the-fly" syntax checking information may be incorrect. [D:/计算机设计与实践/CompDesignAndPractise/CompDesignAndPractise.srcs/sources_1/new/param.v:]
ERROR: [Common 17-180] Spawn failed: Illegal byte sequence
WARNING: [filemgmt 56-199] Attempt to get parsing info during refresh. "On-the-fly" syntax checking information may be incorrect. [D:/计算机设计与实践/CompDesignAndPractise/CompDesignAndPractise.srcs/sources_1/new/RegFile.v:]
WARNING: [filemgmt 56-199] Attempt to get parsing info during refresh. "On-the-fly" syntax checking information may be incorrect. [D:/计算机设计与实践/CompDesignAndPractise/CompDesignAndPractise.srcs/sources_1/new/Imme.v:]
WARNING: [filemgmt 56-199] Attempt to get parsing info during refresh. "On-the-fly" syntax checking information may be incorrect. [D:/计算机设计与实践/CompDesignAndPractise/CompDesignAndPractise.srcs/sources_1/new/PC.v:]
WARNING: [filemgmt 56-199] Attempt to get parsing info during refresh. "On-the-fly" syntax checking information may be incorrect. [D:/计算机设计与实践/CompDesignAndPractise/CompDesignAndPractise.srcs/sources_1/new/NPC.v:]
WARNING: [filemgmt 56-199] Attempt to get parsing info during refresh. "On-the-fly" syntax checking information may be incorrect. [D:/计算机设计与实践/CompDesignAndPractise/CompDesignAndPractise.srcs/sources_1/new/param.v:]
ERROR: [Common 17-180] Spawn failed: Illegal byte sequence
WARNING: [filemgmt 56-199] Attempt to get parsing info during refresh. "On-the-fly" syntax checking information may be incorrect. [D:/计算机设计与实践/CompDesignAndPractise/CompDesignAndPractise.srcs/sources_1/new/RegFile.v:]
WARNING: [filemgmt 56-199] Attempt to get parsing info during refresh. "On-the-fly" syntax checking information may be incorrect. [D:/计算机设计与实践/CompDesignAndPractise/CompDesignAndPractise.srcs/sources_1/new/Imme.v:]
WARNING: [filemgmt 56-199] Attempt to get parsing info during refresh. "On-the-fly" syntax checking information may be incorrect. [D:/计算机设计与实践/CompDesignAndPractise/CompDesignAndPractise.srcs/sources_1/new/PC.v:]
WARNING: [filemgmt 56-199] Attempt to get parsing info during refresh. "On-the-fly" syntax checking information may be incorrect. [D:/计算机设计与实践/CompDesignAndPractise/CompDesignAndPractise.srcs/sources_1/new/NPC.v:]
WARNING: [filemgmt 56-199] Attempt to get parsing info during refresh. "On-the-fly" syntax checking information may be incorrect. [D:/计算机设计与实践/CompDesignAndPractise/CompDesignAndPractise.srcs/sources_1/new/param.v:]
ERROR: [Common 17-180] Spawn failed: Illegal byte sequence
exit
INFO: [Common 17-206] Exiting Vivado at Wed Jul  7 12:12:03 2021...
