#-----------------------------------------------------------
# Vivado v2018.3 (64-bit)
# SW Build 2405991 on Thu Dec  6 23:38:27 MST 2018
# IP Build 2404404 on Fri Dec  7 01:43:56 MST 2018
# Start of session at: Tue Jul  6 15:45:44 2021
# Process ID: 11388
# Current directory: D:/190110628/single_cycle_cpu
# Command line: vivado.exe -gui_launcher_event rodinguilauncherevent5908 D:\190110628\single_cycle_cpu\single_cycle_cpu.xpr
# Log file: D:/190110628/single_cycle_cpu/vivado.log
# Journal file: D:/190110628/single_cycle_cpu\vivado.jou
#-----------------------------------------------------------
start_gui
open_project D:/190110628/single_cycle_cpu/single_cycle_cpu.xpr
Scanning sources...
Finished scanning sources
INFO: [IP_Flow 19-234] Refreshing IP repositories
INFO: [IP_Flow 19-1704] No user IP repositories specified
INFO: [IP_Flow 19-2313] Loaded Vivado IP repository 'C:/Xilinx/Vivado/2018.3/data/ip'.
WARNING: [IP_Flow 19-3664] IP 'inst_mem' generated file not found 'd:/190110628/single_cycle_cpu/single_cycle_cpu.srcs/sources_1/ip/inst_mem/inst_mem.dcp'. Please regenerate to continue.
WARNING: [IP_Flow 19-3664] IP 'inst_mem' generated file not found 'd:/190110628/single_cycle_cpu/single_cycle_cpu.srcs/sources_1/ip/inst_mem/inst_mem_stub.v'. Please regenerate to continue.
WARNING: [IP_Flow 19-3664] IP 'inst_mem' generated file not found 'd:/190110628/single_cycle_cpu/single_cycle_cpu.srcs/sources_1/ip/inst_mem/inst_mem_stub.vhdl'. Please regenerate to continue.
WARNING: [IP_Flow 19-3664] IP 'inst_mem' generated file not found 'd:/190110628/single_cycle_cpu/single_cycle_cpu.srcs/sources_1/ip/inst_mem/inst_mem_sim_netlist.v'. Please regenerate to continue.
WARNING: [IP_Flow 19-3664] IP 'inst_mem' generated file not found 'd:/190110628/single_cycle_cpu/single_cycle_cpu.srcs/sources_1/ip/inst_mem/inst_mem_sim_netlist.vhdl'. Please regenerate to continue.
update_compile_order -fileset sources_1
reset_run inst_mem_synth_1
WARNING: [Vivado 12-1017] Problems encountered:
1. Process appears to be on host '614-10' and cannot be killed from host '614-12'

generate_target all [get_files  D:/190110628/single_cycle_cpu/single_cycle_cpu.srcs/sources_1/ip/inst_mem/inst_mem.xci]
catch { config_ip_cache -export [get_ips -all inst_mem] }
export_ip_user_files -of_objects [get_files D:/190110628/single_cycle_cpu/single_cycle_cpu.srcs/sources_1/ip/inst_mem/inst_mem.xci] -no_script -sync -force -quiet
launch_runs -jobs 12 inst_mem_synth_1
[Tue Jul  6 15:46:34 2021] Launched inst_mem_synth_1...
Run output will be captured here: D:/190110628/single_cycle_cpu/single_cycle_cpu.runs/inst_mem_synth_1/runme.log
export_simulation -of_objects [get_files D:/190110628/single_cycle_cpu/single_cycle_cpu.srcs/sources_1/ip/inst_mem/inst_mem.xci] -directory D:/190110628/single_cycle_cpu/single_cycle_cpu.ip_user_files/sim_scripts -ip_user_files_dir D:/190110628/single_cycle_cpu/single_cycle_cpu.ip_user_files -ipstatic_source_dir D:/190110628/single_cycle_cpu/single_cycle_cpu.ip_user_files/ipstatic -lib_map_path [list {modelsim=D:/190110628/single_cycle_cpu/single_cycle_cpu.cache/compile_simlib/modelsim} {questa=D:/190110628/single_cycle_cpu/single_cycle_cpu.cache/compile_simlib/questa} {riviera=D:/190110628/single_cycle_cpu/single_cycle_cpu.cache/compile_simlib/riviera} {activehdl=D:/190110628/single_cycle_cpu/single_cycle_cpu.cache/compile_simlib/activehdl}] -use_ip_compiled_libs -force -quiet
reset_run inst_mem_synth_1
launch_runs inst_mem_synth_1 -jobs 12
[Tue Jul  6 16:01:16 2021] Launched inst_mem_synth_1...
Run output will be captured here: D:/190110628/single_cycle_cpu/single_cycle_cpu.runs/inst_mem_synth_1/runme.log
reset_run inst_mem_synth_1
WARNING: [Vivado 12-1017] Problems encountered:
1. Failed to delete one or more files in run directory D:/190110628/single_cycle_cpu/single_cycle_cpu.runs/inst_mem_synth_1

generate_target all [get_files  D:/190110628/single_cycle_cpu/single_cycle_cpu.srcs/sources_1/ip/inst_mem/inst_mem.xci]
INFO: [IP_Flow 19-1686] Generating 'Instantiation Template' target for IP 'inst_mem'...
INFO: [IP_Flow 19-1686] Generating 'Synthesis' target for IP 'inst_mem'...
INFO: [IP_Flow 19-1686] Generating 'Simulation' target for IP 'inst_mem'...
INFO: [IP_Flow 19-1686] Generating 'Change Log' target for IP 'inst_mem'...
catch { config_ip_cache -export [get_ips -all inst_mem] }
export_ip_user_files -of_objects [get_files D:/190110628/single_cycle_cpu/single_cycle_cpu.srcs/sources_1/ip/inst_mem/inst_mem.xci] -no_script -sync -force -quiet
launch_runs -jobs 12 inst_mem_synth_1
[Tue Jul  6 16:22:22 2021] Launched inst_mem_synth_1...
Run output will be captured here: D:/190110628/single_cycle_cpu/single_cycle_cpu.runs/inst_mem_synth_1/runme.log
export_simulation -of_objects [get_files D:/190110628/single_cycle_cpu/single_cycle_cpu.srcs/sources_1/ip/inst_mem/inst_mem.xci] -directory D:/190110628/single_cycle_cpu/single_cycle_cpu.ip_user_files/sim_scripts -ip_user_files_dir D:/190110628/single_cycle_cpu/single_cycle_cpu.ip_user_files -ipstatic_source_dir D:/190110628/single_cycle_cpu/single_cycle_cpu.ip_user_files/ipstatic -lib_map_path [list {modelsim=D:/190110628/single_cycle_cpu/single_cycle_cpu.cache/compile_simlib/modelsim} {questa=D:/190110628/single_cycle_cpu/single_cycle_cpu.cache/compile_simlib/questa} {riviera=D:/190110628/single_cycle_cpu/single_cycle_cpu.cache/compile_simlib/riviera} {activehdl=D:/190110628/single_cycle_cpu/single_cycle_cpu.cache/compile_simlib/activehdl}] -use_ip_compiled_libs -force -quiet
WARNING: [filemgmt 56-199] Attempt to get parsing info during refresh. "On-the-fly" syntax checking information may be incorrect. [D:/190110628/single_cycle_cpu/single_cycle_cpu.srcs/sources_1/new/top.v:]
WARNING: [filemgmt 56-199] Attempt to get parsing info during refresh. "On-the-fly" syntax checking information may be incorrect. [D:/190110628/single_cycle_cpu/single_cycle_cpu.srcs/sources_1/new/display.v:]
ERROR: [Common 17-180] Spawn failed: No error
open_hw
connect_hw_server
INFO: [Labtools 27-2285] Connecting to hw_server url TCP:localhost:3121
INFO: [Labtools 27-2222] Launching hw_server...
INFO: [Labtools 27-2221] Launch Output:

****** Xilinx hw_server v2018.3
  **** Build date : Dec  7 2018-00:40:27
    ** Copyright 1986-2018 Xilinx, Inc. All Rights Reserved.


refresh_hw_server {localhost:3121}
WARNING: [Labtoolstcl 44-27] No hardware targets exist on the server [localhost:3121]
Check to make sure the cable targets connected to this machine are properly connected
and powered up, then use the refresh_hw_server command to re-register the hardware targets.
refresh_hw_server {localhost:3121}
WARNING: [Labtoolstcl 44-27] No hardware targets exist on the server [localhost:3121]
Check to make sure the cable targets connected to this machine are properly connected
and powered up, then use the refresh_hw_server command to re-register the hardware targets.
refresh_hw_server {localhost:3121}
WARNING: [Labtoolstcl 44-27] No hardware targets exist on the server [localhost:3121]
Check to make sure the cable targets connected to this machine are properly connected
and powered up, then use the refresh_hw_server command to re-register the hardware targets.
disconnect_hw_server localhost:3121
connect_hw_server
INFO: [Labtools 27-2285] Connecting to hw_server url TCP:localhost:3121
INFO: [Labtools 27-2285] Connecting to hw_server url TCP:q:3121
ERROR: [Labtools 27-2223] Unable to connect to hw_server with URL "TCP:q:3121".
Resolution: 1. Check the host name, port number and network connectivity.
2. Check to ensure the hw_server is running on the target.
ERROR: [Common 17-39] 'connect_hw_server' failed due to earlier errors.
connect_hw_server
INFO: [Labtools 27-2285] Connecting to hw_server url TCP:localhost:3121
exit
INFO: [Common 17-206] Exiting Vivado at Tue Jul  6 18:49:46 2021...
