#-----------------------------------------------------------
# Vivado v2018.3 (64-bit)
# SW Build 2405991 on Thu Dec  6 23:38:27 MST 2018
# IP Build 2404404 on Fri Dec  7 01:43:56 MST 2018
# Start of session at: Thu Jul  8 14:55:46 2021
# Process ID: 12408
# Current directory: D:/计算机设计与实践/190110628/single_cycle_cpu
# Command line: vivado.exe -gui_launcher_event rodinguilauncherevent14204 D:\计算机设计与实践\190110628\single_cycle_cpu\single_cycle_cpu.xpr
# Log file: D:/计算机设计与实践/190110628/single_cycle_cpu/vivado.log
# Journal file: D:/计算机设计与实践/190110628/single_cycle_cpu\vivado.jou
#-----------------------------------------------------------
start_gui
open_project D:/计算机设计与实践/190110628/single_cycle_cpu/single_cycle_cpu.xpr
INFO: [Project 1-313] Project file moved from 'D:/190110628/single_cycle_cpu' since last save.
Scanning sources...
Finished scanning sources
INFO: [IP_Flow 19-234] Refreshing IP repositories
INFO: [IP_Flow 19-1704] No user IP repositories specified
INFO: [IP_Flow 19-2313] Loaded Vivado IP repository 'C:/Xilinx/Vivado/2018.3/data/ip'.
update_compile_order -fileset sources_1
exit
INFO: [Common 17-206] Exiting Vivado at Thu Jul  8 18:01:35 2021...
